<?xml version="1.0" encoding="UTF-8"?>
<testng-results ignored="0" total="1" passed="1" failed="0" skipped="0">
  <reporter-output>
  </reporter-output>
  <suite started-at="2021-07-01T14:27:59Z" name="Suite" finished-at="2021-07-01T14:30:46Z" duration-ms="166877">
    <groups>
    </groups>
    <test started-at="2021-07-01T14:27:59Z" name="Test1" finished-at="2021-07-01T14:30:46Z" duration-ms="166877">
      <class name="cloud.tests.GL.GL_USA.CreatingParametersforRevaluationITC_Test">
        <test-method is-config="true" signature="start()[pri:0, instance:cloud.tests.GL.GL_USA.CreatingParametersforRevaluationITC_Test@6497b078]" started-at="2021-07-01T14:27:59Z" name="start" finished-at="2021-07-01T14:28:02Z" duration-ms="2558" status="PASS">
          <reporter-output>
          </reporter-output>
        </test-method> <!-- start -->
        <test-method signature="executeTest(java.lang.String, java.lang.String, java.lang.String)[pri:0, instance:cloud.tests.GL.GL_USA.CreatingParametersforRevaluationITC_Test@6497b078]" started-at="2021-07-01T14:28:02Z" name="executeTest" finished-at="2021-07-01T14:30:46Z" duration-ms="164300" status="PASS">
          <params>
            <param index="0">
              <value>
                <![CDATA[src\cloud\tests\GL\GL_USA\CreatingParametersforRevaluationITC_Test.xlsx]]>
              </value>
            </param>
            <param index="1">
              <value>
                <![CDATA[TS01]]>
              </value>
            </param>
            <param index="2">
              <value>
                <![CDATA[T01]]>
              </value>
            </param>
          </params>
          <reporter-output>
          </reporter-output>
        </test-method> <!-- executeTest -->
        <test-method is-config="true" signature="end()[pri:0, instance:cloud.tests.GL.GL_USA.CreatingParametersforRevaluationITC_Test@6497b078]" started-at="2021-07-01T14:30:46Z" name="end" finished-at="2021-07-01T14:30:46Z" duration-ms="1" status="PASS">
          <reporter-output>
          </reporter-output>
        </test-method> <!-- end -->
      </class> <!-- cloud.tests.GL.GL_USA.CreatingParametersforRevaluationITC_Test -->
    </test> <!-- Test1 -->
  </suite> <!-- Suite -->
</testng-results>
